<?xml version="1.0" encoding="UTF-8"?>
<coverage generated="1620416869528" clover="3.2.0">
  <project timestamp="1620416869529" name="All files">
    <metrics statements="34" coveredstatements="34" conditionals="8" coveredconditionals="8" methods="4" coveredmethods="4" elements="46" coveredelements="46" complexity="0" loc="34" ncloc="34" packages="1" files="3" classes="3"/>
    <file name="a-count-one-keyword.js" path="/Users/khwankamolnakbanlang/Desktop/workspace/exam-2-string-manipulation/a-count-one-keyword.js">
      <metrics statements="5" coveredstatements="5" conditionals="0" coveredconditionals="0" methods="2" coveredmethods="2"/>
      <line num="2" count="3" type="stmt"/>
      <line num="3" count="3" type="stmt"/>
      <line num="4" count="3" type="stmt"/>
      <line num="8" count="3" type="stmt"/>
      <line num="11" count="1" type="stmt"/>
    </file>
    <file name="b-count-multiple-keywords.js" path="/Users/khwankamolnakbanlang/Desktop/workspace/exam-2-string-manipulation/b-count-multiple-keywords.js">
      <metrics statements="7" coveredstatements="7" conditionals="0" coveredconditionals="0" methods="1" coveredmethods="1"/>
      <line num="2" count="2" type="stmt"/>
      <line num="3" count="2" type="stmt"/>
      <line num="4" count="5" type="stmt"/>
      <line num="5" count="5" type="stmt"/>
      <line num="6" count="5" type="stmt"/>
      <line num="8" count="2" type="stmt"/>
      <line num="11" count="1" type="stmt"/>
    </file>
    <file name="c-reverse-alphabet.js" path="/Users/khwankamolnakbanlang/Desktop/workspace/exam-2-string-manipulation/c-reverse-alphabet.js">
      <metrics statements="22" coveredstatements="22" conditionals="8" coveredconditionals="8" methods="1" coveredmethods="1"/>
      <line num="2" count="5" type="stmt"/>
      <line num="3" count="5" type="stmt"/>
      <line num="5" count="5" type="stmt"/>
      <line num="6" count="29" type="stmt"/>
      <line num="7" count="29" type="stmt"/>
      <line num="8" count="29" type="stmt"/>
      <line num="9" count="29" type="stmt"/>
      <line num="10" count="172" type="stmt"/>
      <line num="11" count="172" type="stmt"/>
      <line num="12" count="172" type="cond" truecount="2" falsecount="0"/>
      <line num="13" count="160" type="stmt"/>
      <line num="15" count="12" type="stmt"/>
      <line num="21" count="172" type="cond" truecount="2" falsecount="0"/>
      <line num="22" count="29" type="stmt"/>
      <line num="23" count="29" type="cond" truecount="2" falsecount="0"/>
      <line num="24" count="10" type="stmt"/>
      <line num="25" count="12" type="stmt"/>
      <line num="28" count="29" type="cond" truecount="2" falsecount="0"/>
      <line num="29" count="5" type="stmt"/>
      <line num="31" count="24" type="stmt"/>
      <line num="36" count="5" type="stmt"/>
      <line num="39" count="1" type="stmt"/>
    </file>
  </project>
</coverage>
