{"/Users/khwankamolnakbanlang/Desktop/workspace/exam-2-string-manipulation/a-count-one-keyword.js": {"path":"/Users/khwankamolnakbanlang/Desktop/workspace/exam-2-string-manipulation/a-count-one-keyword.js","statementMap":{"0":{"start":{"line":2,"column":22},"end":{"line":2,"column":51}},"1":{"start":{"line":3,"column":17},"end":{"line":3,"column":44}},"2":{"start":{"line":4,"column":2},"end":{"line":4,"column":15}},"3":{"start":{"line":8,"column":2},"end":{"line":8,"column":46}},"4":{"start":{"line":11,"column":0},"end":{"line":11,"column":32}}},"fnMap":{"0":{"name":"findKeyword","decl":{"start":{"line":1,"column":9},"end":{"line":1,"column":20}},"loc":{"start":{"line":1,"column":40},"end":{"line":5,"column":1}},"line":1},"1":{"name":"countOneKeyword","decl":{"start":{"line":7,"column":9},"end":{"line":7,"column":24}},"loc":{"start":{"line":7,"column":44},"end":{"line":9,"column":1}},"line":7}},"branchMap":{},"s":{"0":3,"1":3,"2":3,"3":3,"4":1},"f":{"0":3,"1":3},"b":{},"_coverageSchema":"1a1c01bbd47fc00a2c39e90264f33305004495a9","hash":"7aae9567f41e20960840fc3b35533cab3f2a2ed3"}
,"/Users/khwankamolnakbanlang/Desktop/workspace/exam-2-string-manipulation/b-count-multiple-keywords.js": {"path":"/Users/khwankamolnakbanlang/Desktop/workspace/exam-2-string-manipulation/b-count-multiple-keywords.js","statementMap":{"0":{"start":{"line":2,"column":14},"end":{"line":2,"column":15}},"1":{"start":{"line":3,"column":2},"end":{"line":7,"column":3}},"2":{"start":{"line":3,"column":15},"end":{"line":3,"column":16}},"3":{"start":{"line":4,"column":24},"end":{"line":4,"column":57}},"4":{"start":{"line":5,"column":19},"end":{"line":5,"column":46}},"5":{"start":{"line":6,"column":4},"end":{"line":6,"column":33}},"6":{"start":{"line":8,"column":2},"end":{"line":8,"column":14}},"7":{"start":{"line":11,"column":0},"end":{"line":11,"column":38}}},"fnMap":{"0":{"name":"countMultipleKeywords","decl":{"start":{"line":1,"column":9},"end":{"line":1,"column":30}},"loc":{"start":{"line":1,"column":51},"end":{"line":9,"column":1}},"line":1}},"branchMap":{},"s":{"0":2,"1":2,"2":2,"3":5,"4":5,"5":5,"6":2,"7":1},"f":{"0":2},"b":{},"_coverageSchema":"1a1c01bbd47fc00a2c39e90264f33305004495a9","hash":"984fa6e0f2ffb73da3d243e235d691338855f975"}
,"/Users/khwankamolnakbanlang/Desktop/workspace/exam-2-string-manipulation/c-reverse-alphabet.js": {"path":"/Users/khwankamolnakbanlang/Desktop/workspace/exam-2-string-manipulation/c-reverse-alphabet.js","statementMap":{"0":{"start":{"line":2,"column":14},"end":{"line":2,"column":33}},"1":{"start":{"line":3,"column":15},"end":{"line":3,"column":17}},"2":{"start":{"line":5,"column":2},"end":{"line":35,"column":3}},"3":{"start":{"line":5,"column":15},"end":{"line":5,"column":16}},"4":{"start":{"line":6,"column":21},"end":{"line":6,"column":39}},"5":{"start":{"line":7,"column":15},"end":{"line":7,"column":17}},"6":{"start":{"line":8,"column":18},"end":{"line":8,"column":20}},"7":{"start":{"line":9,"column":4},"end":{"line":34,"column":5}},"8":{"start":{"line":9,"column":17},"end":{"line":9,"column":18}},"9":{"start":{"line":10,"column":20},"end":{"line":10,"column":34}},"10":{"start":{"line":11,"column":32},"end":{"line":11,"column":67}},"11":{"start":{"line":12,"column":6},"end":{"line":19,"column":7}},"12":{"start":{"line":13,"column":8},"end":{"line":13,"column":32}},"13":{"start":{"line":15,"column":8},"end":{"line":18,"column":10}},"14":{"start":{"line":21,"column":6},"end":{"line":33,"column":7}},"15":{"start":{"line":22,"column":8},"end":{"line":22,"column":22}},"16":{"start":{"line":23,"column":8},"end":{"line":27,"column":9}},"17":{"start":{"line":24,"column":10},"end":{"line":26,"column":11}},"18":{"start":{"line":25,"column":12},"end":{"line":25,"column":46}},"19":{"start":{"line":28,"column":8},"end":{"line":32,"column":9}},"20":{"start":{"line":29,"column":10},"end":{"line":29,"column":33}},"21":{"start":{"line":31,"column":10},"end":{"line":31,"column":39}},"22":{"start":{"line":36,"column":2},"end":{"line":36,"column":15}},"23":{"start":{"line":39,"column":0},"end":{"line":39,"column":32}}},"fnMap":{"0":{"name":"reverseAlphabet","decl":{"start":{"line":1,"column":9},"end":{"line":1,"column":24}},"loc":{"start":{"line":1,"column":35},"end":{"line":37,"column":1}},"line":1}},"branchMap":{"0":{"loc":{"start":{"line":12,"column":6},"end":{"line":19,"column":7}},"type":"if","locations":[{"start":{"line":12,"column":6},"end":{"line":19,"column":7}},{"start":{"line":12,"column":6},"end":{"line":19,"column":7}}],"line":12},"1":{"loc":{"start":{"line":21,"column":6},"end":{"line":33,"column":7}},"type":"if","locations":[{"start":{"line":21,"column":6},"end":{"line":33,"column":7}},{"start":{"line":21,"column":6},"end":{"line":33,"column":7}}],"line":21},"2":{"loc":{"start":{"line":23,"column":8},"end":{"line":27,"column":9}},"type":"if","locations":[{"start":{"line":23,"column":8},"end":{"line":27,"column":9}},{"start":{"line":23,"column":8},"end":{"line":27,"column":9}}],"line":23},"3":{"loc":{"start":{"line":28,"column":8},"end":{"line":32,"column":9}},"type":"if","locations":[{"start":{"line":28,"column":8},"end":{"line":32,"column":9}},{"start":{"line":28,"column":8},"end":{"line":32,"column":9}}],"line":28}},"s":{"0":5,"1":5,"2":5,"3":5,"4":29,"5":29,"6":29,"7":29,"8":29,"9":172,"10":172,"11":172,"12":160,"13":12,"14":172,"15":29,"16":29,"17":10,"18":12,"19":29,"20":5,"21":24,"22":5,"23":1},"f":{"0":5},"b":{"0":[160,12],"1":[29,143],"2":[10,19],"3":[5,24]},"_coverageSchema":"1a1c01bbd47fc00a2c39e90264f33305004495a9","hash":"4b4a2f4ab86ab450022865efc7aa5648aa51debc"}
}
