TN:
SF:a-count-one-keyword.js
FN:1,findKeyword
FN:7,countOneKeyword
FNF:2
FNH:2
FNDA:3,findKeyword
FNDA:3,countOneKeyword
DA:2,3
DA:3,3
DA:4,3
DA:8,3
DA:11,1
LF:5
LH:5
BRF:0
BRH:0
end_of_record
TN:
SF:b-count-multiple-keywords.js
FN:1,countMultipleKeywords
FNF:1
FNH:1
FNDA:2,countMultipleKeywords
DA:2,2
DA:3,2
DA:4,5
DA:5,5
DA:6,5
DA:8,2
DA:11,1
LF:7
LH:7
BRF:0
BRH:0
end_of_record
TN:
SF:c-reverse-alphabet.js
FN:1,reverseAlphabet
FNF:1
FNH:1
FNDA:5,reverseAlphabet
DA:2,5
DA:3,5
DA:5,5
DA:6,29
DA:7,29
DA:8,29
DA:9,29
DA:10,172
DA:11,172
DA:12,172
DA:13,160
DA:15,12
DA:21,172
DA:22,29
DA:23,29
DA:24,10
DA:25,12
DA:28,29
DA:29,5
DA:31,24
DA:36,5
DA:39,1
LF:22
LH:22
BRDA:12,0,0,160
BRDA:12,0,1,12
BRDA:21,1,0,29
BRDA:21,1,1,143
BRDA:23,2,0,10
BRDA:23,2,1,19
BRDA:28,3,0,5
BRDA:28,3,1,24
BRF:8
BRH:8
end_of_record
